<?xml version="1.0" encoding="UTF-8"?>
<!-- Generated by org.testng.reporters.JUnitReportReporter -->
<testsuite hostname="LAPTOP-50I9GGAN" failures="0" tests="1" name="OrangeHRMLive.ActionClasses.AddCandidateAction" time="64.829" errors="0" timestamp="2024-04-25T01:57:39 IST" skipped="0">
  <testcase classname="OrangeHRMLive.ActionClasses.AddCandidateAction" name="addCand" time="64.829"/>
  <system-out/>
</testsuite> <!-- OrangeHRMLive.ActionClasses.AddCandidateAction -->
