<?xml version="1.0" encoding="UTF-8"?>
<!-- Generated by org.testng.reporters.JUnitReportReporter -->
<testsuite hostname="LAPTOP-50I9GGAN" failures="0" tests="1" name="OrangeHRMLive.ActionClasses.ActionLogin" time="0.000" errors="0" timestamp="2024-04-25T01:22:14 IST" skipped="1">
  <testcase classname="OrangeHRMLive.ActionClasses.ActionLogin" name="LoginTest" time="0.000">
    <skipped/>
  </testcase> <!-- LoginTest -->
  <system-out/>
</testsuite> <!-- OrangeHRMLive.ActionClasses.ActionLogin -->
