<?xml version="1.0" encoding="UTF-8"?>
<!-- Generated by org.testng.reporters.JUnitReportReporter -->
<testsuite hostname="LAPTOP-50I9GGAN" failures="0" tests="1" name="OrangeHRM_AVI.Utilities.OrangeHRM_GetAllTestCases" time="0.519" errors="0" timestamp="2024-03-31T22:53:04 IST" skipped="0">
  <testcase classname="OrangeHRM_AVI.Utilities.OrangeHRM_GetAllTestCases" name="GetTestCasesName" time="0.519"/>
  <system-out/>
</testsuite> <!-- OrangeHRM_AVI.Utilities.OrangeHRM_GetAllTestCases -->
